0 info it worked if it ends with ok
1 verbose cli [ 'C:\\Program Files\\nodejs\\node.exe',
1 verbose cli   'C:\\Users\\liuqiuyue\\AppData\\Roaming\\npm\\node_modules\\npm\\bin\\npm-cli.js',
1 verbose cli   'run',
1 verbose cli   'dev' ]
2 info using npm@3.9.5
3 info using node@v10.2.0
4 verbose run-script [ 'predev', 'dev', 'postdev' ]
5 info lifecycle 10-03@1.0.0~predev: 10-03@1.0.0
6 silly lifecycle 10-03@1.0.0~predev: no script for predev, continuing
7 info lifecycle 10-03@1.0.0~dev: 10-03@1.0.0
8 verbose lifecycle 10-03@1.0.0~dev: unsafe-perm in lifecycle true
9 verbose lifecycle 10-03@1.0.0~dev: PATH: C:\Users\liuqiuyue\AppData\Roaming\npm\node_modules\npm\bin\node-gyp-bin;e:\BaiduNetdiskDownload\React.js入门与实战[开发适配PC端及移动端新闻头条平台]\React课件\sourcecode\sourcecode\13-05\node_modules\.bin;C:\Program Files\nodejs;C:\Users\liuqiuyue\AppData\Roaming\Pub\Cache\bin;D:\develop\flutter\bin;C:\Program Files\Dart\dart-sdk\bin;C:\Users\liuqiuyue\AppData\Roaming\npm;C:\Program Files\Git\usr\bin\ssh-keygen.exe;C:\Program Files (x86)\Yarn\bin\;C:\Users\liuqiuyue\AppData\Roaming\nvm;C:\Program Files\nodejs;C:\Program Files\Git\cmd;C:\Program Files\Git\bin;C:\Windows\system32;C:\Windows;C:\Windows\system32\wbem;d:\Program Files (x86)\Microsoft VS Code\bin;C:\Program Files\Java\jdk1.8.0_121\bin;D:\develop\apache-maven-3.1.0\bin;;C:\Program Files\Dart\dart-sdk\bin;C:\Program Files\MongoDB\Server\4.0\bin;C:\Users\liuqiuyue\AppData\Local\Programs\Microsoft VS Code\bin;d:\Programs\Fiddler
10 verbose lifecycle 10-03@1.0.0~dev: CWD: e:\BaiduNetdiskDownload\React.js入门与实战[开发适配PC端及移动端新闻头条平台]\React课件\sourcecode\sourcecode\13-05
11 silly lifecycle 10-03@1.0.0~dev: Args: [ '/d /s /c', 'webpack-dev-server' ]
12 silly lifecycle 10-03@1.0.0~dev: Returned: code: 1  signal: null
13 info lifecycle 10-03@1.0.0~dev: Failed to exec dev script
14 verbose stack Error: 10-03@1.0.0 dev: `webpack-dev-server`
14 verbose stack Exit status 1
14 verbose stack     at EventEmitter.<anonymous> (C:\Users\liuqiuyue\AppData\Roaming\npm\node_modules\npm\lib\utils\lifecycle.js:245:16)
14 verbose stack     at EventEmitter.emit (events.js:182:13)
14 verbose stack     at ChildProcess.<anonymous> (C:\Users\liuqiuyue\AppData\Roaming\npm\node_modules\npm\lib\utils\spawn.js:24:14)
14 verbose stack     at ChildProcess.emit (events.js:182:13)
14 verbose stack     at maybeClose (internal/child_process.js:961:16)
14 verbose stack     at Process.ChildProcess._handle.onexit (internal/child_process.js:248:5)
15 verbose pkgid 10-03@1.0.0
16 verbose cwd e:\BaiduNetdiskDownload\React.js入门与实战[开发适配PC端及移动端新闻头条平台]\React课件\sourcecode\sourcecode\13-05
17 error Windows_NT 6.1.7601
18 error argv "C:\\Program Files\\nodejs\\node.exe" "C:\\Users\\liuqiuyue\\AppData\\Roaming\\npm\\node_modules\\npm\\bin\\npm-cli.js" "run" "dev"
19 error node v10.2.0
20 error npm  v3.9.5
21 error code ELIFECYCLE
22 error 10-03@1.0.0 dev: `webpack-dev-server`
22 error Exit status 1
23 error Failed at the 10-03@1.0.0 dev script 'webpack-dev-server'.
23 error Make sure you have the latest version of node.js and npm installed.
23 error If you do, this is most likely a problem with the 10-03 package,
23 error not with npm itself.
23 error Tell the author that this fails on your system:
23 error     webpack-dev-server
23 error You can get information on how to open an issue for this project with:
23 error     npm bugs 10-03
23 error Or if that isn't available, you can get their info via:
23 error     npm owner ls 10-03
23 error There is likely additional logging output above.
24 verbose exit [ 1, true ]
